<?xml version="1.0" encoding="UTF-8"?>
<!-- Generated by org.testng.reporters.JUnitReportReporter -->
<testsuite hostname="protatech55" name="Test.CoachLoginTest" tests="2" failures="0" timestamp="17 Nov 2015 11:23:04 GMT" time="19.838" errors="0">
  <testcase name="CreatTeam" time="7.598" classname="Test.CoachLoginTest"/>
  <testcase name="CoachLogin" time="12.240" classname="Test.CoachLoginTest"/>
</testsuite> <!-- Test.CoachLoginTest -->
